<testsuites name="jest tests" tests="3" failures="0" time="1.102">
  <testsuite name="index" errors="0" failures="0" skipped="0" timestamp="2019-03-14T20:59:04" time="0.429" tests="1">
    <testcase classname="index should expose the expected entries" name="index should expose the expected entries" time="0.005">
    </testcase>
  </testsuite>
  <testsuite name="index" errors="0" failures="0" skipped="0" timestamp="2019-03-14T20:59:05" time="0.096" tests="1">
    <testcase classname="index should expose the expected entries" name="index should expose the expected entries" time="0.002">
    </testcase>
  </testsuite>
  <testsuite name="Config" errors="0" failures="0" skipped="0" timestamp="2019-03-14T20:59:05" time="0.059" tests="1">
    <testcase classname="Config should return the expected defaults" name="Config should return the expected defaults" time="0.001">
    </testcase>
  </testsuite>
</testsuites>